<?xml version="1.0" encoding="UTF-8"?>
<!-- Generated by org.testng.reporters.JUnitXMLReporter -->
<testsuite hostname="ECF201-400" name="Default test" tests="3" failures="0" timestamp="28 Oct 2019 23:09:48 GMT" time="50.838" errors="0">
  <testcase name="studentid" time="15.142" classname="studform.formtests.A65FormMainPageTest"/>
  <testcase name="coursecount" time="13.691" classname="studform.formtests.A65FormMainPageTest"/>
  <testcase name="coursedata" time="15.829" classname="studform.formtests.A65FormMainPageTest"/>
</testsuite> <!-- Default test -->
