<?xml version="1.0" encoding="UTF-8"?>
<testng-results skipped="0" failed="0" total="2" passed="2">
  <reporter-output>
  </reporter-output>
  <suite name="Default suite" duration-ms="20906" started-at="2019-10-08T02:11:39Z" finished-at="2019-10-08T02:12:00Z">
    <groups>
    </groups>
    <test name="Default test" duration-ms="20906" started-at="2019-10-08T02:11:39Z" finished-at="2019-10-08T02:12:00Z">
      <class name="studform.formtests.AccessStudForm">
        <test-method status="PASS" signature="beforeTest()[pri:0, instance:studform.formtests.AccessStudForm@1810399e]" name="beforeTest" is-config="true" duration-ms="8911" started-at="2019-10-08T13:11:39Z" finished-at="2019-10-08T13:11:48Z">
          <reporter-output>
          </reporter-output>
        </test-method> <!-- beforeTest -->
        <test-method status="PASS" signature="login()[pri:1, instance:studform.formtests.AccessStudForm@1810399e]" name="login" duration-ms="9760" started-at="2019-10-08T13:11:48Z" finished-at="2019-10-08T13:11:58Z">
          <reporter-output>
          </reporter-output>
        </test-method> <!-- login -->
        <test-method status="PASS" signature="validatepersonaldet()[pri:2, instance:studform.formtests.AccessStudForm@1810399e]" name="validatepersonaldet" duration-ms="104" started-at="2019-10-08T13:11:58Z" finished-at="2019-10-08T13:11:58Z">
          <reporter-output>
          </reporter-output>
        </test-method> <!-- validatepersonaldet -->
        <test-method status="PASS" signature="afterTest()[pri:0, instance:studform.formtests.AccessStudForm@1810399e]" name="afterTest" is-config="true" duration-ms="2113" started-at="2019-10-08T13:11:58Z" finished-at="2019-10-08T13:12:00Z">
          <reporter-output>
          </reporter-output>
        </test-method> <!-- afterTest -->
      </class> <!-- studform.formtests.AccessStudForm -->
    </test> <!-- Default test -->
  </suite> <!-- Default suite -->
</testng-results>
