<?xml version="1.0" encoding="UTF-8"?>
<testng-results skipped="0" failed="0" total="1" passed="1">
  <reporter-output>
  </reporter-output>
  <suite name="Default suite" duration-ms="20549" started-at="2019-10-08T04:56:14Z" finished-at="2019-10-08T04:56:34Z">
    <groups>
    </groups>
    <test name="Default test" duration-ms="20549" started-at="2019-10-08T04:56:14Z" finished-at="2019-10-08T04:56:34Z">
      <class name="studform.formtests.PersonalDetailsTest">
        <test-method status="PASS" signature="beforeTest()[pri:0, instance:studform.formtests.PersonalDetailsTest@215be6bb]" name="beforeTest" is-config="true" duration-ms="3797" started-at="2019-10-08T15:56:14Z" finished-at="2019-10-08T15:56:17Z">
          <reporter-output>
          </reporter-output>
        </test-method> <!-- beforeTest -->
        <test-method status="PASS" signature="studentid()[pri:1, instance:studform.formtests.PersonalDetailsTest@215be6bb]" name="studentid" duration-ms="14638" started-at="2019-10-08T15:56:17Z" description="Validate student id in the personal details section" finished-at="2019-10-08T15:56:32Z">
          <reporter-output>
          </reporter-output>
        </test-method> <!-- studentid -->
        <test-method status="PASS" signature="afterTest()[pri:0, instance:studform.formtests.PersonalDetailsTest@215be6bb]" name="afterTest" is-config="true" duration-ms="2097" started-at="2019-10-08T15:56:32Z" finished-at="2019-10-08T15:56:34Z">
          <reporter-output>
          </reporter-output>
        </test-method> <!-- afterTest -->
      </class> <!-- studform.formtests.PersonalDetailsTest -->
    </test> <!-- Default test -->
  </suite> <!-- Default suite -->
</testng-results>
